[ 2015-05-12T03:08:32+08:00 ] ::1 /index.php?c=ad&a=logo
ERR: 无法加载控制器:Ad

[ 2015-05-12T03:08:32+08:00 ] ::1 /index.php?c=ad&a=friendlinks
ERR: 无法加载控制器:Ad

[ 2015-05-12T03:08:34+08:00 ] ::1 /Public/css/images/hover.jpg
ERR: 无法加载控制器:Public/css/images/hover.jpg

[ 2015-05-12T03:08:34+08:00 ] ::1 /Public/css/images/sample/img_14.gif
ERR: 无法加载控制器:Public/css/images/sample/img_14.gif

[ 2015-05-12T03:26:27+08:00 ] ::1 /index.php?c=ad&a=logo
ERR: 无法加载控制器:Ad

[ 2015-05-12T03:26:27+08:00 ] ::1 /index.php?c=ad&a=friendlinks
ERR: 无法加载控制器:Ad

[ 2015-05-12T03:26:32+08:00 ] ::1 /Public/css/images/login/weixin.png
ERR: 无法加载控制器:Public/css/images/login/weixin.png

[ 2015-05-12T03:26:32+08:00 ] ::1 /Public/css/images/login/QQ.png
ERR: 无法加载控制器:Public/css/images/login/QQ.png

[ 2015-05-12T03:26:37+08:00 ] ::1 /index.php?c=Usercenter&a=promotion&code=001&time=1431372397168
ERR: 无法加载控制器:Usercenter

[ 2015-05-12T03:26:37+08:00 ] ::1 /%7B%7BCLIENT_CDN%7D%7Dassets/images/chuangjian.png
ERR: 无法加载控制器:{{CLIENT_CDN}}assets/images/chuangjian.png

[ 2015-05-12T03:26:37+08:00 ] ::1 /assets/images/main/fuwushang.png
ERR: 无法加载控制器:Assets/images/main/fuwushang.png

[ 2015-05-12T03:26:45+08:00 ] ::1 /e.wesambo.com
ERR: 无法加载控制器:E.wesambo.com

[ 2015-05-12T03:26:51+08:00 ] ::1 /www.e.wesambo.com/help.html
ERR: 无法加载控制器:Www.e.wesambo.com/help

[ 2015-05-12T03:26:54+08:00 ] ::1 /e.wesambo.com
ERR: 无法加载控制器:E.wesambo.com

[ 2015-05-12T03:27:12+08:00 ] ::1 /assets/images/main/qq_05.jpg
ERR: 无法加载控制器:Assets/images/main/qq_05.jpg

[ 2015-05-12T03:27:12+08:00 ] ::1 /assets/images/main/qq_11.jpg
ERR: 无法加载控制器:Assets/images/main/qq_11.jpg

[ 2015-05-12T03:27:12+08:00 ] ::1 /assets/images/main/qq_10.jpg
ERR: 无法加载控制器:Assets/images/main/qq_10.jpg

[ 2015-05-12T03:27:12+08:00 ] ::1 /assets/images/main/qq_12.jpg
ERR: 无法加载控制器:Assets/images/main/qq_12.jpg

[ 2015-05-12T03:27:12+08:00 ] ::1 /assets/images/main/fuwushang.png
ERR: 无法加载控制器:Assets/images/main/fuwushang.png

[ 2015-05-12T03:27:23+08:00 ] ::1 /Public/css/images/main/wei.png
ERR: 无法加载控制器:Public/css/images/main/wei.png

[ 2015-05-12T03:27:23+08:00 ] ::1 /Public/css/images/creat_edit/data_icon_06.png
ERR: 无法加载控制器:Public/css/images/creat_edit/data_icon_06.png

[ 2015-05-12T03:27:23+08:00 ] ::1 /assets/images/main/fuwushang.png
ERR: 无法加载控制器:Assets/images/main/fuwushang.png

[ 2015-05-12T03:27:27+08:00 ] ::1 /assets/images/main/fuwushang.png
ERR: 无法加载控制器:Assets/images/main/fuwushang.png

[ 2015-05-12T03:27:28+08:00 ] ::1 /assets/images/main/qq_05.jpg
ERR: 无法加载控制器:Assets/images/main/qq_05.jpg

[ 2015-05-12T03:27:28+08:00 ] ::1 /assets/images/main/qq_10.jpg
ERR: 无法加载控制器:Assets/images/main/qq_10.jpg

[ 2015-05-12T03:27:28+08:00 ] ::1 /assets/images/main/qq_11.jpg
ERR: 无法加载控制器:Assets/images/main/qq_11.jpg

[ 2015-05-12T03:27:28+08:00 ] ::1 /assets/images/main/qq_12.jpg
ERR: 无法加载控制器:Assets/images/main/qq_12.jpg

[ 2015-05-12T03:27:28+08:00 ] ::1 /assets/images/main/fuwushang.png
ERR: 无法加载控制器:Assets/images/main/fuwushang.png

[ 2015-05-12T03:27:29+08:00 ] ::1 /json/m/u/company/info&time=1431372449533
ERR: 无法加载控制器:Json/m/u/company/info&time=1431372449533

[ 2015-05-12T03:27:29+08:00 ] ::1 /index.php?c=Usercenter&a=XdStat&time=1431372449533
ERR: 无法加载控制器:Usercenter

[ 2015-05-12T03:27:29+08:00 ] ::1 /index.php?c=Usercenter&a=lists&pageSize=10&pageNo=1&time=1431372449533
ERR: 无法加载控制器:Usercenter

[ 2015-05-12T03:27:29+08:00 ] ::1 /assets/images/main/fuwushang.png
ERR: 无法加载控制器:Assets/images/main/fuwushang.png

[ 2015-05-12T03:27:38+08:00 ] ::1 /json/m/u/company/info&time=1431372458956
ERR: 无法加载控制器:Json/m/u/company/info&time=1431372458956

[ 2015-05-12T03:27:51+08:00 ] ::1 /assets/images/main/qq_10.jpg
ERR: 无法加载控制器:Assets/images/main/qq_10.jpg

[ 2015-05-12T03:27:51+08:00 ] ::1 /assets/images/main/qq_11.jpg
ERR: 无法加载控制器:Assets/images/main/qq_11.jpg

[ 2015-05-12T03:27:51+08:00 ] ::1 /assets/images/main/qq_05.jpg
ERR: 无法加载控制器:Assets/images/main/qq_05.jpg

[ 2015-05-12T03:27:51+08:00 ] ::1 /assets/images/main/qq_12.jpg
ERR: 无法加载控制器:Assets/images/main/qq_12.jpg

[ 2015-05-12T03:27:51+08:00 ] ::1 /assets/images/main/fuwushang.png
ERR: 无法加载控制器:Assets/images/main/fuwushang.png

[ 2015-05-12T03:27:52+08:00 ] ::1 /assets/images/main/fuwushang.png
ERR: 无法加载控制器:Assets/images/main/fuwushang.png

[ 2015-05-12T03:27:54+08:00 ] ::1 /index.php?c=Usercenter&a=XdStat&time=1431372474727
ERR: 无法加载控制器:Usercenter

[ 2015-05-12T03:27:54+08:00 ] ::1 /json/m/u/company/info&time=1431372474727
ERR: 无法加载控制器:Json/m/u/company/info&time=1431372474727

[ 2015-05-12T03:27:54+08:00 ] ::1 /index.php?c=Usercenter&a=lists&pageSize=10&pageNo=1&time=1431372474727
ERR: 无法加载控制器:Usercenter

[ 2015-05-12T03:27:54+08:00 ] ::1 /assets/images/main/fuwushang.png
ERR: 无法加载控制器:Assets/images/main/fuwushang.png

[ 2015-05-12T03:28:20+08:00 ] ::1 /assets/images/main/fuwushang.png
ERR: 无法加载控制器:Assets/images/main/fuwushang.png

[ 2015-05-12T03:28:24+08:00 ] ::1 /%7B%7BCLIENT_CDN%7D%7Dassets/images/chuangjian.png
ERR: 无法加载控制器:{{CLIENT_CDN}}assets/images/chuangjian.png

[ 2015-05-12T03:28:24+08:00 ] ::1 /assets/images/main/fuwushang.png
ERR: 无法加载控制器:Assets/images/main/fuwushang.png

[ 2015-05-12T03:28:25+08:00 ] ::1 /assets/images/main/fuwushang.png
ERR: 无法加载控制器:Assets/images/main/fuwushang.png

[ 2015-05-12T03:28:25+08:00 ] ::1 /Uploads/syspic/pageimg/yq0KA1UaTViAZ_6bAALXQpC9B0w204.jpg
ERR: 无法加载控制器:Uploads/syspic/pageimg/yq0KA1UaTViAZ_6bAALXQpC9B0w204.jpg

[ 2015-05-12T03:28:25+08:00 ] ::1 /Uploads/syspic/pageimg/yq0KA1UTW0KATlMPAAKP3giFJ-k453.jpg
ERR: 无法加载控制器:Uploads/syspic/pageimg/yq0KA1UTW0KATlMPAAKP3giFJ

[ 2015-05-12T03:28:25+08:00 ] ::1 /Uploads/syspic/pageimg/yq0KA1U3W0OAMgUlAAOwKO5IV1g288.jpg
ERR: 无法加载控制器:Uploads/syspic/pageimg/yq0KA1U3W0OAMgUlAAOwKO5IV1g288.jpg

[ 2015-05-12T03:28:25+08:00 ] ::1 /Uploads/syspic/pageimg/yq0KA1UzUeyAZ-csAAHrraZjNDQ921.png
ERR: 无法加载控制器:Uploads/syspic/pageimg/yq0KA1UzUeyAZ

[ 2015-05-12T03:28:25+08:00 ] ::1 /Uploads/syspic/pageimg/yq0KA1UVAOOAXEnzAACjfnf0TBQ890.jpg
ERR: 无法加载控制器:Uploads/syspic/pageimg/yq0KA1UVAOOAXEnzAACjfnf0TBQ890.jpg

[ 2015-05-12T03:28:25+08:00 ] ::1 /Uploads/syspic/pageimg/yq0KA1U2GGqAPHajAACScwf2Xec686.png
ERR: 无法加载控制器:Uploads/syspic/pageimg/yq0KA1U2GGqAPHajAACScwf2Xec686.png

[ 2015-05-12T03:28:25+08:00 ] ::1 /Uploads/syspic/pageimg/yq0KA1ULvzSARLEQAADYl8TJs-w695.jpg
ERR: 无法加载控制器:Uploads/syspic/pageimg/yq0KA1ULvzSARLEQAADYl8TJs

[ 2015-05-12T03:28:25+08:00 ] ::1 /Uploads/syspic/pageimg/yq0KA1Uvd8WARxW9AAFbN0MIly8156.jpg
ERR: 无法加载控制器:Uploads/syspic/pageimg/yq0KA1Uvd8WARxW9AAFbN0MIly8156.jpg

[ 2015-05-12T03:28:25+08:00 ] ::1 /Uploads/syspic/pageimg/yq0KA1U5okeAP0h0AABVbvK4o2k266.png
ERR: 无法加载控制器:Uploads/syspic/pageimg/yq0KA1U5okeAP0h0AABVbvK4o2k266.png

[ 2015-05-12T03:28:25+08:00 ] ::1 /Uploads/syspic/pageimg/yq0KA1UGVHWAdtj_AAWoJ9uSU_8209.jpg
ERR: 无法加载控制器:Uploads/syspic/pageimg/yq0KA1UGVHWAdtj_AAWoJ9uSU_8209.jpg

[ 2015-05-12T03:28:25+08:00 ] ::1 /Uploads/syspic/pageimg/yq0KA1U3GM6Ae_t5AAK3cf5qvxs664.jpg
ERR: 无法加载控制器:Uploads/syspic/pageimg/yq0KA1U3GM6Ae_t5AAK3cf5qvxs664.jpg

[ 2015-05-12T03:28:27+08:00 ] ::1 /%7B%7BCLIENT_CDN%7D%7Dassets/images/select/scene-all-bottom.png
ERR: 无法加载控制器:{{CLIENT_CDN}}assets/images/select/scene

[ 2015-05-12T03:28:27+08:00 ] ::1 /%7B%7BCLIENT_CDN%7D%7Dassets/images/select/scene-all-middle-vertical.png
ERR: 无法加载控制器:{{CLIENT_CDN}}assets/images/select/scene

[ 2015-05-12T03:28:27+08:00 ] ::1 /%7B%7BCLIENT_CDN%7D%7Dassets/images/select/scene-all-right.png
ERR: 无法加载控制器:{{CLIENT_CDN}}assets/images/select/scene

[ 2015-05-12T03:28:27+08:00 ] ::1 /%7B%7BCLIENT_CDN%7D%7Dassets/images/select/scene-all-top.png
ERR: 无法加载控制器:{{CLIENT_CDN}}assets/images/select/scene

[ 2015-05-12T03:28:27+08:00 ] ::1 /%7B%7BCLIENT_CDN%7D%7Dassets/images/select/scene-all-left.png
ERR: 无法加载控制器:{{CLIENT_CDN}}assets/images/select/scene

[ 2015-05-12T03:28:27+08:00 ] ::1 /%7B%7BCLIENT_CDN%7D%7Dassets/images/select/scene-all-copy.png
ERR: 无法加载控制器:{{CLIENT_CDN}}assets/images/select/scene

[ 2015-05-12T03:28:27+08:00 ] ::1 /%7B%7BCLIENT_CDN%7D%7Dassets/images/select/scene-all-delete.png
ERR: 无法加载控制器:{{CLIENT_CDN}}assets/images/select/scene

[ 2015-05-12T03:28:27+08:00 ] ::1 /%7B%7BCLIENT_CDN%7D%7Dassets/images/select/scene-all-middle-horizontal.png
ERR: 无法加载控制器:{{CLIENT_CDN}}assets/images/select/scene

[ 2015-05-12T03:28:27+08:00 ] ::1 /%7B%7BCLIENT_CDN%7D%7Dassets/images/select/scene-all-paste.png
ERR: 无法加载控制器:{{CLIENT_CDN}}assets/images/select/scene

[ 2015-05-12T03:28:28+08:00 ] ::1 /assets/images/main/fuwushang.png
ERR: 无法加载控制器:Assets/images/main/fuwushang.png

[ 2015-05-12T03:28:28+08:00 ] ::1 /Uploads/syspic/pageimg/yq0KA1UzUeyAZ-csAAHrraZjNDQ921.png
ERR: 无法加载控制器:Uploads/syspic/pageimg/yq0KA1UzUeyAZ

[ 2015-05-12T03:28:28+08:00 ] ::1 /Uploads/syspic/pageimg/yq0KA1UVAOOAXEnzAACjfnf0TBQ890.jpg
ERR: 无法加载控制器:Uploads/syspic/pageimg/yq0KA1UVAOOAXEnzAACjfnf0TBQ890.jpg

[ 2015-05-12T03:28:28+08:00 ] ::1 /Uploads/syspic/pageimg/yq0KA1UTW0KATlMPAAKP3giFJ-k453.jpg
ERR: 无法加载控制器:Uploads/syspic/pageimg/yq0KA1UTW0KATlMPAAKP3giFJ

[ 2015-05-12T03:28:28+08:00 ] ::1 /Uploads/syspic/pageimg/yq0KA1U5okeAP0h0AABVbvK4o2k266.png
ERR: 无法加载控制器:Uploads/syspic/pageimg/yq0KA1U5okeAP0h0AABVbvK4o2k266.png

[ 2015-05-12T03:28:28+08:00 ] ::1 /Uploads/syspic/pageimg/yq0KA1UaTViAZ_6bAALXQpC9B0w204.jpg
ERR: 无法加载控制器:Uploads/syspic/pageimg/yq0KA1UaTViAZ_6bAALXQpC9B0w204.jpg

[ 2015-05-12T03:28:28+08:00 ] ::1 /Uploads/syspic/pageimg/yq0KA1Uvd8WARxW9AAFbN0MIly8156.jpg
ERR: 无法加载控制器:Uploads/syspic/pageimg/yq0KA1Uvd8WARxW9AAFbN0MIly8156.jpg

[ 2015-05-12T03:28:28+08:00 ] ::1 /Uploads/syspic/pageimg/yq0KA1U3W0OAMgUlAAOwKO5IV1g288.jpg
ERR: 无法加载控制器:Uploads/syspic/pageimg/yq0KA1U3W0OAMgUlAAOwKO5IV1g288.jpg

[ 2015-05-12T03:28:28+08:00 ] ::1 /Uploads/syspic/pageimg/yq0KA1U2GGqAPHajAACScwf2Xec686.png
ERR: 无法加载控制器:Uploads/syspic/pageimg/yq0KA1U2GGqAPHajAACScwf2Xec686.png

[ 2015-05-12T03:28:28+08:00 ] ::1 /Uploads/syspic/pageimg/yq0KA1ULvzSARLEQAADYl8TJs-w695.jpg
ERR: 无法加载控制器:Uploads/syspic/pageimg/yq0KA1ULvzSARLEQAADYl8TJs

[ 2015-05-12T03:28:28+08:00 ] ::1 /Uploads/syspic/pageimg/yq0KA1UGVHWAdtj_AAWoJ9uSU_8209.jpg
ERR: 无法加载控制器:Uploads/syspic/pageimg/yq0KA1UGVHWAdtj_AAWoJ9uSU_8209.jpg

[ 2015-05-12T03:28:28+08:00 ] ::1 /Uploads/syspic/pageimg/yq0KA1U3GM6Ae_t5AAK3cf5qvxs664.jpg
ERR: 无法加载控制器:Uploads/syspic/pageimg/yq0KA1U3GM6Ae_t5AAK3cf5qvxs664.jpg

[ 2015-05-12T03:28:31+08:00 ] ::1 /assets/images/main/fuwushang.png
ERR: 无法加载控制器:Assets/images/main/fuwushang.png

[ 2015-05-12T03:28:33+08:00 ] ::1 /assets/images/main/qq_11.jpg
ERR: 无法加载控制器:Assets/images/main/qq_11.jpg

[ 2015-05-12T03:28:33+08:00 ] ::1 /assets/images/main/qq_05.jpg
ERR: 无法加载控制器:Assets/images/main/qq_05.jpg

[ 2015-05-12T03:28:33+08:00 ] ::1 /assets/images/main/qq_10.jpg
ERR: 无法加载控制器:Assets/images/main/qq_10.jpg

[ 2015-05-12T03:28:33+08:00 ] ::1 /assets/images/main/qq_12.jpg
ERR: 无法加载控制器:Assets/images/main/qq_12.jpg

[ 2015-05-12T03:28:33+08:00 ] ::1 /assets/images/main/fuwushang.png
ERR: 无法加载控制器:Assets/images/main/fuwushang.png

[ 2015-05-12T03:28:34+08:00 ] ::1 /assets/images/main/fuwushang.png
ERR: 无法加载控制器:Assets/images/main/fuwushang.png

[ 2015-05-12T03:28:50+08:00 ] ::1 /WebResource.axd?d=lGGnMoztwih6_if2bLAv159HZzWjh_TXKB3s-di91LyF4ZXtIq617-NOIZHOXHWJbA_yDpJu1gVq-WgKWEHprPRsKag1&t=634259354654344891
ERR: 无法加载控制器:WebResource.axd

[ 2015-05-12T03:28:57+08:00 ] ::1 /Image/rowback.gif
ERR: 无法加载控制器:Image/rowback.gif

[ 2015-05-12T03:29:20+08:00 ] ::1 /Uploads/syspic/pageimg/yq0KA1UTW0KATlMPAAKP3giFJ-k453.jpg
ERR: 无法加载控制器:Uploads/syspic/pageimg/yq0KA1UTW0KATlMPAAKP3giFJ

[ 2015-05-12T03:29:20+08:00 ] ::1 /Uploads/syspic/pageimg/yq0KA1UaTViAZ_6bAALXQpC9B0w204.jpg
ERR: 无法加载控制器:Uploads/syspic/pageimg/yq0KA1UaTViAZ_6bAALXQpC9B0w204.jpg

[ 2015-05-12T03:29:20+08:00 ] ::1 /Uploads/syspic/pageimg/yq0KA1UVAOOAXEnzAACjfnf0TBQ890.jpg
ERR: 无法加载控制器:Uploads/syspic/pageimg/yq0KA1UVAOOAXEnzAACjfnf0TBQ890.jpg

[ 2015-05-12T03:29:20+08:00 ] ::1 /Uploads/syspic/pageimg/yq0KA1U3W0OAMgUlAAOwKO5IV1g288.jpg
ERR: 无法加载控制器:Uploads/syspic/pageimg/yq0KA1U3W0OAMgUlAAOwKO5IV1g288.jpg

[ 2015-05-12T03:29:20+08:00 ] ::1 /Uploads/syspic/pageimg/yq0KA1U2GGqAPHajAACScwf2Xec686.png
ERR: 无法加载控制器:Uploads/syspic/pageimg/yq0KA1U2GGqAPHajAACScwf2Xec686.png

[ 2015-05-12T03:29:20+08:00 ] ::1 /Uploads/syspic/pageimg/yq0KA1ULvzSARLEQAADYl8TJs-w695.jpg
ERR: 无法加载控制器:Uploads/syspic/pageimg/yq0KA1ULvzSARLEQAADYl8TJs

[ 2015-05-12T03:29:20+08:00 ] ::1 /Uploads/syspic/pageimg/yq0KA1UzUeyAZ-csAAHrraZjNDQ921.png
ERR: 无法加载控制器:Uploads/syspic/pageimg/yq0KA1UzUeyAZ

[ 2015-05-12T03:29:20+08:00 ] ::1 /Uploads/syspic/pageimg/yq0KA1U5okeAP0h0AABVbvK4o2k266.png
ERR: 无法加载控制器:Uploads/syspic/pageimg/yq0KA1U5okeAP0h0AABVbvK4o2k266.png

[ 2015-05-12T03:29:20+08:00 ] ::1 /Uploads/syspic/pageimg/yq0KA1Uvd8WARxW9AAFbN0MIly8156.jpg
ERR: 无法加载控制器:Uploads/syspic/pageimg/yq0KA1Uvd8WARxW9AAFbN0MIly8156.jpg

[ 2015-05-12T03:29:20+08:00 ] ::1 /Uploads/syspic/pageimg/yq0KA1UGVHWAdtj_AAWoJ9uSU_8209.jpg
ERR: 无法加载控制器:Uploads/syspic/pageimg/yq0KA1UGVHWAdtj_AAWoJ9uSU_8209.jpg

[ 2015-05-12T03:33:05+08:00 ] ::1 /index.php?c=ad&a=logo
ERR: 无法加载控制器:Ad

[ 2015-05-12T03:33:05+08:00 ] ::1 /index.php?c=ad&a=friendlinks
ERR: 无法加载控制器:Ad

[ 2015-05-12T03:33:23+08:00 ] ::1 /WebResource.axd?d=lGGnMoztwih6_if2bLAv159HZzWjh_TXKB3s-di91LyF4ZXtIq617-NOIZHOXHWJbA_yDpJu1gVq-WgKWEHprPRsKag1&t=634259354654344891
ERR: 无法加载控制器:WebResource.axd

[ 2015-05-12T03:33:26+08:00 ] ::1 /WebResource.axd?d=lGGnMoztwih6_if2bLAv159HZzWjh_TXKB3s-di91LyF4ZXtIq617-NOIZHOXHWJbA_yDpJu1gVq-WgKWEHprPRsKag1&t=634259354654344891
ERR: 无法加载控制器:WebResource.axd

[ 2015-05-12T03:33:35+08:00 ] ::1 /WebResource.axd?d=lGGnMoztwih6_if2bLAv159HZzWjh_TXKB3s-di91LyF4ZXtIq617-NOIZHOXHWJbA_yDpJu1gVq-WgKWEHprPRsKag1&t=634259354654344891
ERR: 无法加载控制器:WebResource.axd

[ 2015-05-12T03:34:06+08:00 ] ::1 /WebResource.axd?d=lGGnMoztwih6_if2bLAv159HZzWjh_TXKB3s-di91LyF4ZXtIq617-NOIZHOXHWJbA_yDpJu1gVq-WgKWEHprPRsKag1&t=634259354654344891
ERR: 无法加载控制器:WebResource.axd

[ 2015-05-12T03:34:07+08:00 ] ::1 /WebResource.axd?d=lGGnMoztwih6_if2bLAv159HZzWjh_TXKB3s-di91LyF4ZXtIq617-NOIZHOXHWJbA_yDpJu1gVq-WgKWEHprPRsKag1&t=634259354654344891
ERR: 无法加载控制器:WebResource.axd

[ 2015-05-12T03:35:27+08:00 ] ::1 /WebResource.axd?d=lGGnMoztwih6_if2bLAv159HZzWjh_TXKB3s-di91LyF4ZXtIq617-NOIZHOXHWJbA_yDpJu1gVq-WgKWEHprPRsKag1&t=634259354654344891
ERR: 无法加载控制器:WebResource.axd

[ 2015-05-12T03:35:29+08:00 ] ::1 /WebResource.axd?d=lGGnMoztwih6_if2bLAv159HZzWjh_TXKB3s-di91LyF4ZXtIq617-NOIZHOXHWJbA_yDpJu1gVq-WgKWEHprPRsKag1&t=634259354654344891
ERR: 无法加载控制器:WebResource.axd

[ 2015-05-12T03:36:34+08:00 ] ::1 /index.php?c=ad&a=logo
ERR: 无法加载控制器:Ad

[ 2015-05-12T03:36:34+08:00 ] ::1 /index.php?c=ad&a=friendlinks
ERR: 无法加载控制器:Ad

[ 2015-05-12T03:36:39+08:00 ] ::1 /WebResource.axd?d=lGGnMoztwih6_if2bLAv159HZzWjh_TXKB3s-di91LyF4ZXtIq617-NOIZHOXHWJbA_yDpJu1gVq-WgKWEHprPRsKag1&t=634259354654344891
ERR: 无法加载控制器:WebResource.axd

[ 2015-05-12T03:37:25+08:00 ] ::1 /WebResource.axd?d=lGGnMoztwih6_if2bLAv159HZzWjh_TXKB3s-di91LyF4ZXtIq617-NOIZHOXHWJbA_yDpJu1gVq-WgKWEHprPRsKag1&t=634259354654344891
ERR: 无法加载控制器:WebResource.axd

